<?xml version="1.0" encoding="UTF-8"?>
<testsuite xmlns:xsi="http://www.w3.org/2001/XMLSchema-instance" xsi:noNamespaceSchemaLocation="https://maven.apache.org/surefire/maven-surefire-plugin/xsd/surefire-test-report.xsd" name="test.SignUpPageTest" time="462.031" tests="9" errors="0" skipped="0" failures="0">
  <properties>
[...]
</properties>
  <testcase name="signUpIncorectPassword" classname="test.SignUpPageTest" time="43.455"/>
  <testcase name="signUpEasyPassword" classname="test.SignUpPageTest" time="41.432"/>
  <testcase name="signUpLikeUsernamePassword" classname="test.SignUpPageTest" time="46.197"/>
  <testcase name="signUpEmptyPassword" classname="test.SignUpPageTest" time="66.678"/>
  <testcase name="signUpShortUsername" classname="test.SignUpPageTest" time="93.016"/>
  <testcase name="signUpIncorrectUsername" classname="test.SignUpPageTest" time="42.403"/>
  <testcase name="signUpReservedUsername" classname="test.SignUpPageTest" time="35.745"/>
  <testcase name="signUpShortPassword" classname="test.SignUpPageTest" time="43.873"/>
  <testcase name="signUpEmptyUsername" classname="test.SignUpPageTest" time="49.122"/>
</testsuite>